[2016-07-18 04:31:58] production.ERROR: exception 'ErrorException' with message 'file_put_contents(/home/chemixz/html/sf/app/storage/views/9bd7fc44426fb14480b83c4e62877cdc): failed to open stream: No such file or directory' in /home/chemixz/html/sf/vendor/laravel/framework/src/Illuminate/Filesystem/Filesystem.php:71
Stack trace:
#0 [internal function]: Illuminate\Exception\Handler->handleError(2, 'file_put_conten...', '/home/chemixz/h...', 71, Array)
#1 /home/chemixz/html/sf/vendor/laravel/framework/src/Illuminate/Filesystem/Filesystem.php(71): file_put_contents('/home/chemixz/h...', '????<?php $__en...')
#2 /home/chemixz/html/sf/vendor/laravel/framework/src/Illuminate/View/Compilers/BladeCompiler.php(78): Illuminate\Filesystem\Filesystem->put('/home/chemixz/h...', '????<?php $__en...')
#3 /home/chemixz/html/sf/vendor/laravel/framework/src/Illuminate/View/Engines/CompilerEngine.php(48): Illuminate\View\Compilers\BladeCompiler->compile('/home/chemixz/h...')
#4 /home/chemixz/html/sf/vendor/laravel/framework/src/Illuminate/View/View.php(134): Illuminate\View\Engines\CompilerEngine->get('/home/chemixz/h...', Array)
#5 /home/chemixz/html/sf/vendor/laravel/framework/src/Illuminate/View/View.php(102): Illuminate\View\View->getContents()
#6 /home/chemixz/html/sf/vendor/laravel/framework/src/Illuminate/View/View.php(76): Illuminate\View\View->renderContents()
#7 /home/chemixz/html/sf/vendor/laravel/framework/src/Illuminate/Http/Response.php(70): Illuminate\View\View->render()
#8 /home/chemixz/html/sf/vendor/symfony/http-foundation/Symfony/Component/HttpFoundation/Response.php(202): Illuminate\Http\Response->setContent(Object(Illuminate\View\View))
#9 /home/chemixz/html/sf/vendor/laravel/framework/src/Illuminate/Routing/Router.php(1427): Symfony\Component\HttpFoundation\Response->__construct(Object(Illuminate\View\View))
#10 /home/chemixz/html/sf/vendor/laravel/framework/src/Illuminate/Routing/Router.php(1003): Illuminate\Routing\Router->prepareResponse(Object(Illuminate\Http\Request), Object(Illuminate\View\View))
#11 /home/chemixz/html/sf/vendor/laravel/framework/src/Illuminate/Routing/Router.php(968): Illuminate\Routing\Router->dispatchToRoute(Object(Illuminate\Http\Request))
#12 /home/chemixz/html/sf/vendor/laravel/framework/src/Illuminate/Foundation/Application.php(738): Illuminate\Routing\Router->dispatch(Object(Illuminate\Http\Request))
#13 /home/chemixz/html/sf/vendor/laravel/framework/src/Illuminate/Foundation/Application.php(708): Illuminate\Foundation\Application->dispatch(Object(Illuminate\Http\Request))
#14 /home/chemixz/html/sf/vendor/laravel/framework/src/Illuminate/Http/FrameGuard.php(38): Illuminate\Foundation\Application->handle(Object(Illuminate\Http\Request), 1, true)
#15 /home/chemixz/html/sf/vendor/laravel/framework/src/Illuminate/Session/Middleware.php(72): Illuminate\Http\FrameGuard->handle(Object(Illuminate\Http\Request), 1, true)
#16 /home/chemixz/html/sf/vendor/laravel/framework/src/Illuminate/Cookie/Queue.php(47): Illuminate\Session\Middleware->handle(Object(Illuminate\Http\Request), 1, true)
#17 /home/chemixz/html/sf/vendor/laravel/framework/src/Illuminate/Cookie/Guard.php(51): Illuminate\Cookie\Queue->handle(Object(Illuminate\Http\Request), 1, true)
#18 /home/chemixz/html/sf/vendor/stack/builder/src/Stack/StackedHttpKernel.php(23): Illuminate\Cookie\Guard->handle(Object(Illuminate\Http\Request), 1, true)
#19 /home/chemixz/html/sf/vendor/laravel/framework/src/Illuminate/Foundation/Application.php(606): Stack\StackedHttpKernel->handle(Object(Illuminate\Http\Request))
#20 /home/chemixz/html/sf/public/index.php(49): Illuminate\Foundation\Application->run()
#21 {main} [] []
[2016-07-18 04:31:58] production.ERROR: exception 'ErrorException' with message 'file_put_contents(/home/chemixz/html/sf/app/storage/sessions/f73e510ba634be64c39714dfd37f7bdf40c5d45e): failed to open stream: Permission denied' in /home/chemixz/html/sf/vendor/laravel/framework/src/Illuminate/Filesystem/Filesystem.php:71
Stack trace:
#0 [internal function]: Illuminate\Exception\Handler->handleError(2, 'file_put_conten...', '/home/chemixz/h...', 71, Array)
#1 /home/chemixz/html/sf/vendor/laravel/framework/src/Illuminate/Filesystem/Filesystem.php(71): file_put_contents('/home/chemixz/h...', 'a:3:{s:6:"_toke...')
#2 /home/chemixz/html/sf/vendor/laravel/framework/src/Illuminate/Session/FileSessionHandler.php(71): Illuminate\Filesystem\Filesystem->put('/home/chemixz/h...', 'a:3:{s:6:"_toke...')
#3 /home/chemixz/html/sf/vendor/laravel/framework/src/Illuminate/Session/Store.php(220): Illuminate\Session\FileSessionHandler->write('f73e510ba634be6...', 'a:3:{s:6:"_toke...')
#4 /home/chemixz/html/sf/vendor/laravel/framework/src/Illuminate/Session/Middleware.php(126): Illuminate\Session\Store->save()
#5 /home/chemixz/html/sf/vendor/laravel/framework/src/Illuminate/Session/Middleware.php(79): Illuminate\Session\Middleware->closeSession(Object(Illuminate\Session\Store))
#6 /home/chemixz/html/sf/vendor/laravel/framework/src/Illuminate/Cookie/Queue.php(47): Illuminate\Session\Middleware->handle(Object(Illuminate\Http\Request), 1, true)
#7 /home/chemixz/html/sf/vendor/laravel/framework/src/Illuminate/Cookie/Guard.php(51): Illuminate\Cookie\Queue->handle(Object(Illuminate\Http\Request), 1, true)
#8 /home/chemixz/html/sf/vendor/stack/builder/src/Stack/StackedHttpKernel.php(23): Illuminate\Cookie\Guard->handle(Object(Illuminate\Http\Request), 1, true)
#9 /home/chemixz/html/sf/vendor/laravel/framework/src/Illuminate/Foundation/Application.php(606): Stack\StackedHttpKernel->handle(Object(Illuminate\Http\Request))
#10 /home/chemixz/html/sf/public/index.php(49): Illuminate\Foundation\Application->run()
#11 {main} [] []
[2016-07-18 04:32:00] production.ERROR: exception 'ErrorException' with message 'file_put_contents(/home/chemixz/html/sf/app/storage/views/9bd7fc44426fb14480b83c4e62877cdc): failed to open stream: No such file or directory' in /home/chemixz/html/sf/vendor/laravel/framework/src/Illuminate/Filesystem/Filesystem.php:71
Stack trace:
#0 [internal function]: Illuminate\Exception\Handler->handleError(2, 'file_put_conten...', '/home/chemixz/h...', 71, Array)
#1 /home/chemixz/html/sf/vendor/laravel/framework/src/Illuminate/Filesystem/Filesystem.php(71): file_put_contents('/home/chemixz/h...', '????<?php $__en...')
#2 /home/chemixz/html/sf/vendor/laravel/framework/src/Illuminate/View/Compilers/BladeCompiler.php(78): Illuminate\Filesystem\Filesystem->put('/home/chemixz/h...', '????<?php $__en...')
#3 /home/chemixz/html/sf/vendor/laravel/framework/src/Illuminate/View/Engines/CompilerEngine.php(48): Illuminate\View\Compilers\BladeCompiler->compile('/home/chemixz/h...')
#4 /home/chemixz/html/sf/vendor/laravel/framework/src/Illuminate/View/View.php(134): Illuminate\View\Engines\CompilerEngine->get('/home/chemixz/h...', Array)
#5 /home/chemixz/html/sf/vendor/laravel/framework/src/Illuminate/View/View.php(102): Illuminate\View\View->getContents()
#6 /home/chemixz/html/sf/vendor/laravel/framework/src/Illuminate/View/View.php(76): Illuminate\View\View->renderContents()
#7 /home/chemixz/html/sf/vendor/laravel/framework/src/Illuminate/Http/Response.php(70): Illuminate\View\View->render()
#8 /home/chemixz/html/sf/vendor/symfony/http-foundation/Symfony/Component/HttpFoundation/Response.php(202): Illuminate\Http\Response->setContent(Object(Illuminate\View\View))
#9 /home/chemixz/html/sf/vendor/laravel/framework/src/Illuminate/Routing/Router.php(1427): Symfony\Component\HttpFoundation\Response->__construct(Object(Illuminate\View\View))
#10 /home/chemixz/html/sf/vendor/laravel/framework/src/Illuminate/Routing/Router.php(1003): Illuminate\Routing\Router->prepareResponse(Object(Illuminate\Http\Request), Object(Illuminate\View\View))
#11 /home/chemixz/html/sf/vendor/laravel/framework/src/Illuminate/Routing/Router.php(968): Illuminate\Routing\Router->dispatchToRoute(Object(Illuminate\Http\Request))
#12 /home/chemixz/html/sf/vendor/laravel/framework/src/Illuminate/Foundation/Application.php(738): Illuminate\Routing\Router->dispatch(Object(Illuminate\Http\Request))
#13 /home/chemixz/html/sf/vendor/laravel/framework/src/Illuminate/Foundation/Application.php(708): Illuminate\Foundation\Application->dispatch(Object(Illuminate\Http\Request))
#14 /home/chemixz/html/sf/vendor/laravel/framework/src/Illuminate/Http/FrameGuard.php(38): Illuminate\Foundation\Application->handle(Object(Illuminate\Http\Request), 1, true)
#15 /home/chemixz/html/sf/vendor/laravel/framework/src/Illuminate/Session/Middleware.php(72): Illuminate\Http\FrameGuard->handle(Object(Illuminate\Http\Request), 1, true)
#16 /home/chemixz/html/sf/vendor/laravel/framework/src/Illuminate/Cookie/Queue.php(47): Illuminate\Session\Middleware->handle(Object(Illuminate\Http\Request), 1, true)
#17 /home/chemixz/html/sf/vendor/laravel/framework/src/Illuminate/Cookie/Guard.php(51): Illuminate\Cookie\Queue->handle(Object(Illuminate\Http\Request), 1, true)
#18 /home/chemixz/html/sf/vendor/stack/builder/src/Stack/StackedHttpKernel.php(23): Illuminate\Cookie\Guard->handle(Object(Illuminate\Http\Request), 1, true)
#19 /home/chemixz/html/sf/vendor/laravel/framework/src/Illuminate/Foundation/Application.php(606): Stack\StackedHttpKernel->handle(Object(Illuminate\Http\Request))
#20 /home/chemixz/html/sf/public/index.php(49): Illuminate\Foundation\Application->run()
#21 {main} [] []
[2016-07-18 04:32:00] production.ERROR: exception 'ErrorException' with message 'file_put_contents(/home/chemixz/html/sf/app/storage/sessions/b922b57a025282aae35b5015e3d4e57fa8d83961): failed to open stream: Permission denied' in /home/chemixz/html/sf/vendor/laravel/framework/src/Illuminate/Filesystem/Filesystem.php:71
Stack trace:
#0 [internal function]: Illuminate\Exception\Handler->handleError(2, 'file_put_conten...', '/home/chemixz/h...', 71, Array)
#1 /home/chemixz/html/sf/vendor/laravel/framework/src/Illuminate/Filesystem/Filesystem.php(71): file_put_contents('/home/chemixz/h...', 'a:3:{s:6:"_toke...')
#2 /home/chemixz/html/sf/vendor/laravel/framework/src/Illuminate/Session/FileSessionHandler.php(71): Illuminate\Filesystem\Filesystem->put('/home/chemixz/h...', 'a:3:{s:6:"_toke...')
#3 /home/chemixz/html/sf/vendor/laravel/framework/src/Illuminate/Session/Store.php(220): Illuminate\Session\FileSessionHandler->write('b922b57a025282a...', 'a:3:{s:6:"_toke...')
#4 /home/chemixz/html/sf/vendor/laravel/framework/src/Illuminate/Session/Middleware.php(126): Illuminate\Session\Store->save()
#5 /home/chemixz/html/sf/vendor/laravel/framework/src/Illuminate/Session/Middleware.php(79): Illuminate\Session\Middleware->closeSession(Object(Illuminate\Session\Store))
#6 /home/chemixz/html/sf/vendor/laravel/framework/src/Illuminate/Cookie/Queue.php(47): Illuminate\Session\Middleware->handle(Object(Illuminate\Http\Request), 1, true)
#7 /home/chemixz/html/sf/vendor/laravel/framework/src/Illuminate/Cookie/Guard.php(51): Illuminate\Cookie\Queue->handle(Object(Illuminate\Http\Request), 1, true)
#8 /home/chemixz/html/sf/vendor/stack/builder/src/Stack/StackedHttpKernel.php(23): Illuminate\Cookie\Guard->handle(Object(Illuminate\Http\Request), 1, true)
#9 /home/chemixz/html/sf/vendor/laravel/framework/src/Illuminate/Foundation/Application.php(606): Stack\StackedHttpKernel->handle(Object(Illuminate\Http\Request))
#10 /home/chemixz/html/sf/public/index.php(49): Illuminate\Foundation\Application->run()
#11 {main} [] []
[2016-07-18 04:32:44] production.ERROR: exception 'ErrorException' with message 'file_put_contents(/home/chemixz/html/sf/app/storage/views/9bd7fc44426fb14480b83c4e62877cdc): failed to open stream: No such file or directory' in /home/chemixz/html/sf/vendor/laravel/framework/src/Illuminate/Filesystem/Filesystem.php:71
Stack trace:
#0 [internal function]: Illuminate\Exception\Handler->handleError(2, 'file_put_conten...', '/home/chemixz/h...', 71, Array)
#1 /home/chemixz/html/sf/vendor/laravel/framework/src/Illuminate/Filesystem/Filesystem.php(71): file_put_contents('/home/chemixz/h...', '????<?php $__en...')
#2 /home/chemixz/html/sf/vendor/laravel/framework/src/Illuminate/View/Compilers/BladeCompiler.php(78): Illuminate\Filesystem\Filesystem->put('/home/chemixz/h...', '????<?php $__en...')
#3 /home/chemixz/html/sf/vendor/laravel/framework/src/Illuminate/View/Engines/CompilerEngine.php(48): Illuminate\View\Compilers\BladeCompiler->compile('/home/chemixz/h...')
#4 /home/chemixz/html/sf/vendor/laravel/framework/src/Illuminate/View/View.php(134): Illuminate\View\Engines\CompilerEngine->get('/home/chemixz/h...', Array)
#5 /home/chemixz/html/sf/vendor/laravel/framework/src/Illuminate/View/View.php(102): Illuminate\View\View->getContents()
#6 /home/chemixz/html/sf/vendor/laravel/framework/src/Illuminate/View/View.php(76): Illuminate\View\View->renderContents()
#7 /home/chemixz/html/sf/vendor/laravel/framework/src/Illuminate/Http/Response.php(70): Illuminate\View\View->render()
#8 /home/chemixz/html/sf/vendor/symfony/http-foundation/Symfony/Component/HttpFoundation/Response.php(202): Illuminate\Http\Response->setContent(Object(Illuminate\View\View))
#9 /home/chemixz/html/sf/vendor/laravel/framework/src/Illuminate/Routing/Router.php(1427): Symfony\Component\HttpFoundation\Response->__construct(Object(Illuminate\View\View))
#10 /home/chemixz/html/sf/vendor/laravel/framework/src/Illuminate/Routing/Router.php(1003): Illuminate\Routing\Router->prepareResponse(Object(Illuminate\Http\Request), Object(Illuminate\View\View))
#11 /home/chemixz/html/sf/vendor/laravel/framework/src/Illuminate/Routing/Router.php(968): Illuminate\Routing\Router->dispatchToRoute(Object(Illuminate\Http\Request))
#12 /home/chemixz/html/sf/vendor/laravel/framework/src/Illuminate/Foundation/Application.php(738): Illuminate\Routing\Router->dispatch(Object(Illuminate\Http\Request))
#13 /home/chemixz/html/sf/vendor/laravel/framework/src/Illuminate/Foundation/Application.php(708): Illuminate\Foundation\Application->dispatch(Object(Illuminate\Http\Request))
#14 /home/chemixz/html/sf/vendor/laravel/framework/src/Illuminate/Http/FrameGuard.php(38): Illuminate\Foundation\Application->handle(Object(Illuminate\Http\Request), 1, true)
#15 /home/chemixz/html/sf/vendor/laravel/framework/src/Illuminate/Session/Middleware.php(72): Illuminate\Http\FrameGuard->handle(Object(Illuminate\Http\Request), 1, true)
#16 /home/chemixz/html/sf/vendor/laravel/framework/src/Illuminate/Cookie/Queue.php(47): Illuminate\Session\Middleware->handle(Object(Illuminate\Http\Request), 1, true)
#17 /home/chemixz/html/sf/vendor/laravel/framework/src/Illuminate/Cookie/Guard.php(51): Illuminate\Cookie\Queue->handle(Object(Illuminate\Http\Request), 1, true)
#18 /home/chemixz/html/sf/vendor/stack/builder/src/Stack/StackedHttpKernel.php(23): Illuminate\Cookie\Guard->handle(Object(Illuminate\Http\Request), 1, true)
#19 /home/chemixz/html/sf/vendor/laravel/framework/src/Illuminate/Foundation/Application.php(606): Stack\StackedHttpKernel->handle(Object(Illuminate\Http\Request))
#20 /home/chemixz/html/sf/public/index.php(49): Illuminate\Foundation\Application->run()
#21 {main} [] []
[2016-07-18 04:32:46] production.ERROR: exception 'ErrorException' with message 'file_put_contents(/home/chemixz/html/sf/app/storage/views/9bd7fc44426fb14480b83c4e62877cdc): failed to open stream: No such file or directory' in /home/chemixz/html/sf/vendor/laravel/framework/src/Illuminate/Filesystem/Filesystem.php:71
Stack trace:
#0 [internal function]: Illuminate\Exception\Handler->handleError(2, 'file_put_conten...', '/home/chemixz/h...', 71, Array)
#1 /home/chemixz/html/sf/vendor/laravel/framework/src/Illuminate/Filesystem/Filesystem.php(71): file_put_contents('/home/chemixz/h...', '????<?php $__en...')
#2 /home/chemixz/html/sf/vendor/laravel/framework/src/Illuminate/View/Compilers/BladeCompiler.php(78): Illuminate\Filesystem\Filesystem->put('/home/chemixz/h...', '????<?php $__en...')
#3 /home/chemixz/html/sf/vendor/laravel/framework/src/Illuminate/View/Engines/CompilerEngine.php(48): Illuminate\View\Compilers\BladeCompiler->compile('/home/chemixz/h...')
#4 /home/chemixz/html/sf/vendor/laravel/framework/src/Illuminate/View/View.php(134): Illuminate\View\Engines\CompilerEngine->get('/home/chemixz/h...', Array)
#5 /home/chemixz/html/sf/vendor/laravel/framework/src/Illuminate/View/View.php(102): Illuminate\View\View->getContents()
#6 /home/chemixz/html/sf/vendor/laravel/framework/src/Illuminate/View/View.php(76): Illuminate\View\View->renderContents()
#7 /home/chemixz/html/sf/vendor/laravel/framework/src/Illuminate/Http/Response.php(70): Illuminate\View\View->render()
#8 /home/chemixz/html/sf/vendor/symfony/http-foundation/Symfony/Component/HttpFoundation/Response.php(202): Illuminate\Http\Response->setContent(Object(Illuminate\View\View))
#9 /home/chemixz/html/sf/vendor/laravel/framework/src/Illuminate/Routing/Router.php(1427): Symfony\Component\HttpFoundation\Response->__construct(Object(Illuminate\View\View))
#10 /home/chemixz/html/sf/vendor/laravel/framework/src/Illuminate/Routing/Router.php(1003): Illuminate\Routing\Router->prepareResponse(Object(Illuminate\Http\Request), Object(Illuminate\View\View))
#11 /home/chemixz/html/sf/vendor/laravel/framework/src/Illuminate/Routing/Router.php(968): Illuminate\Routing\Router->dispatchToRoute(Object(Illuminate\Http\Request))
#12 /home/chemixz/html/sf/vendor/laravel/framework/src/Illuminate/Foundation/Application.php(738): Illuminate\Routing\Router->dispatch(Object(Illuminate\Http\Request))
#13 /home/chemixz/html/sf/vendor/laravel/framework/src/Illuminate/Foundation/Application.php(708): Illuminate\Foundation\Application->dispatch(Object(Illuminate\Http\Request))
#14 /home/chemixz/html/sf/vendor/laravel/framework/src/Illuminate/Http/FrameGuard.php(38): Illuminate\Foundation\Application->handle(Object(Illuminate\Http\Request), 1, true)
#15 /home/chemixz/html/sf/vendor/laravel/framework/src/Illuminate/Session/Middleware.php(72): Illuminate\Http\FrameGuard->handle(Object(Illuminate\Http\Request), 1, true)
#16 /home/chemixz/html/sf/vendor/laravel/framework/src/Illuminate/Cookie/Queue.php(47): Illuminate\Session\Middleware->handle(Object(Illuminate\Http\Request), 1, true)
#17 /home/chemixz/html/sf/vendor/laravel/framework/src/Illuminate/Cookie/Guard.php(51): Illuminate\Cookie\Queue->handle(Object(Illuminate\Http\Request), 1, true)
#18 /home/chemixz/html/sf/vendor/stack/builder/src/Stack/StackedHttpKernel.php(23): Illuminate\Cookie\Guard->handle(Object(Illuminate\Http\Request), 1, true)
#19 /home/chemixz/html/sf/vendor/laravel/framework/src/Illuminate/Foundation/Application.php(606): Stack\StackedHttpKernel->handle(Object(Illuminate\Http\Request))
#20 /home/chemixz/html/sf/public/index.php(49): Illuminate\Foundation\Application->run()
#21 {main} [] []
[2016-07-18 04:32:47] production.ERROR: exception 'ErrorException' with message 'file_put_contents(/home/chemixz/html/sf/app/storage/views/9bd7fc44426fb14480b83c4e62877cdc): failed to open stream: No such file or directory' in /home/chemixz/html/sf/vendor/laravel/framework/src/Illuminate/Filesystem/Filesystem.php:71
Stack trace:
#0 [internal function]: Illuminate\Exception\Handler->handleError(2, 'file_put_conten...', '/home/chemixz/h...', 71, Array)
#1 /home/chemixz/html/sf/vendor/laravel/framework/src/Illuminate/Filesystem/Filesystem.php(71): file_put_contents('/home/chemixz/h...', '????<?php $__en...')
#2 /home/chemixz/html/sf/vendor/laravel/framework/src/Illuminate/View/Compilers/BladeCompiler.php(78): Illuminate\Filesystem\Filesystem->put('/home/chemixz/h...', '????<?php $__en...')
#3 /home/chemixz/html/sf/vendor/laravel/framework/src/Illuminate/View/Engines/CompilerEngine.php(48): Illuminate\View\Compilers\BladeCompiler->compile('/home/chemixz/h...')
#4 /home/chemixz/html/sf/vendor/laravel/framework/src/Illuminate/View/View.php(134): Illuminate\View\Engines\CompilerEngine->get('/home/chemixz/h...', Array)
#5 /home/chemixz/html/sf/vendor/laravel/framework/src/Illuminate/View/View.php(102): Illuminate\View\View->getContents()
#6 /home/chemixz/html/sf/vendor/laravel/framework/src/Illuminate/View/View.php(76): Illuminate\View\View->renderContents()
#7 /home/chemixz/html/sf/vendor/laravel/framework/src/Illuminate/Http/Response.php(70): Illuminate\View\View->render()
#8 /home/chemixz/html/sf/vendor/symfony/http-foundation/Symfony/Component/HttpFoundation/Response.php(202): Illuminate\Http\Response->setContent(Object(Illuminate\View\View))
#9 /home/chemixz/html/sf/vendor/laravel/framework/src/Illuminate/Routing/Router.php(1427): Symfony\Component\HttpFoundation\Response->__construct(Object(Illuminate\View\View))
#10 /home/chemixz/html/sf/vendor/laravel/framework/src/Illuminate/Routing/Router.php(1003): Illuminate\Routing\Router->prepareResponse(Object(Illuminate\Http\Request), Object(Illuminate\View\View))
#11 /home/chemixz/html/sf/vendor/laravel/framework/src/Illuminate/Routing/Router.php(968): Illuminate\Routing\Router->dispatchToRoute(Object(Illuminate\Http\Request))
#12 /home/chemixz/html/sf/vendor/laravel/framework/src/Illuminate/Foundation/Application.php(738): Illuminate\Routing\Router->dispatch(Object(Illuminate\Http\Request))
#13 /home/chemixz/html/sf/vendor/laravel/framework/src/Illuminate/Foundation/Application.php(708): Illuminate\Foundation\Application->dispatch(Object(Illuminate\Http\Request))
#14 /home/chemixz/html/sf/vendor/laravel/framework/src/Illuminate/Http/FrameGuard.php(38): Illuminate\Foundation\Application->handle(Object(Illuminate\Http\Request), 1, true)
#15 /home/chemixz/html/sf/vendor/laravel/framework/src/Illuminate/Session/Middleware.php(72): Illuminate\Http\FrameGuard->handle(Object(Illuminate\Http\Request), 1, true)
#16 /home/chemixz/html/sf/vendor/laravel/framework/src/Illuminate/Cookie/Queue.php(47): Illuminate\Session\Middleware->handle(Object(Illuminate\Http\Request), 1, true)
#17 /home/chemixz/html/sf/vendor/laravel/framework/src/Illuminate/Cookie/Guard.php(51): Illuminate\Cookie\Queue->handle(Object(Illuminate\Http\Request), 1, true)
#18 /home/chemixz/html/sf/vendor/stack/builder/src/Stack/StackedHttpKernel.php(23): Illuminate\Cookie\Guard->handle(Object(Illuminate\Http\Request), 1, true)
#19 /home/chemixz/html/sf/vendor/laravel/framework/src/Illuminate/Foundation/Application.php(606): Stack\StackedHttpKernel->handle(Object(Illuminate\Http\Request))
#20 /home/chemixz/html/sf/public/index.php(49): Illuminate\Foundation\Application->run()
#21 {main} [] []
[2016-08-05 00:10:30] production.ERROR: exception 'ErrorException' with message 'file_put_contents(/home/chemixz/html/laravel/sf/app/storage/views/609dc2e08555104ba69deaeaafa32b88): failed to open stream: Permission denied' in /home/chemixz/html/laravel/sf/vendor/laravel/framework/src/Illuminate/Filesystem/Filesystem.php:71
Stack trace:
#0 [internal function]: Illuminate\Exception\Handler->handleError(2, 'file_put_conten...', '/home/chemixz/h...', 71, Array)
#1 /home/chemixz/html/laravel/sf/vendor/laravel/framework/src/Illuminate/Filesystem/Filesystem.php(71): file_put_contents('/home/chemixz/h...', '????<?php $__en...')
#2 /home/chemixz/html/laravel/sf/vendor/laravel/framework/src/Illuminate/View/Compilers/BladeCompiler.php(78): Illuminate\Filesystem\Filesystem->put('/home/chemixz/h...', '????<?php $__en...')
#3 /home/chemixz/html/laravel/sf/vendor/laravel/framework/src/Illuminate/View/Engines/CompilerEngine.php(48): Illuminate\View\Compilers\BladeCompiler->compile('/home/chemixz/h...')
#4 /home/chemixz/html/laravel/sf/vendor/laravel/framework/src/Illuminate/View/View.php(134): Illuminate\View\Engines\CompilerEngine->get('/home/chemixz/h...', Array)
#5 /home/chemixz/html/laravel/sf/vendor/laravel/framework/src/Illuminate/View/View.php(102): Illuminate\View\View->getContents()
#6 /home/chemixz/html/laravel/sf/vendor/laravel/framework/src/Illuminate/View/View.php(76): Illuminate\View\View->renderContents()
#7 /home/chemixz/html/laravel/sf/vendor/laravel/framework/src/Illuminate/Http/Response.php(70): Illuminate\View\View->render()
#8 /home/chemixz/html/laravel/sf/vendor/symfony/http-foundation/Symfony/Component/HttpFoundation/Response.php(202): Illuminate\Http\Response->setContent(Object(Illuminate\View\View))
#9 /home/chemixz/html/laravel/sf/vendor/laravel/framework/src/Illuminate/Routing/Router.php(1427): Symfony\Component\HttpFoundation\Response->__construct(Object(Illuminate\View\View))
#10 /home/chemixz/html/laravel/sf/vendor/laravel/framework/src/Illuminate/Routing/Router.php(1003): Illuminate\Routing\Router->prepareResponse(Object(Illuminate\Http\Request), Object(Illuminate\View\View))
#11 /home/chemixz/html/laravel/sf/vendor/laravel/framework/src/Illuminate/Routing/Router.php(968): Illuminate\Routing\Router->dispatchToRoute(Object(Illuminate\Http\Request))
#12 /home/chemixz/html/laravel/sf/vendor/laravel/framework/src/Illuminate/Foundation/Application.php(738): Illuminate\Routing\Router->dispatch(Object(Illuminate\Http\Request))
#13 /home/chemixz/html/laravel/sf/vendor/laravel/framework/src/Illuminate/Foundation/Application.php(708): Illuminate\Foundation\Application->dispatch(Object(Illuminate\Http\Request))
#14 /home/chemixz/html/laravel/sf/vendor/laravel/framework/src/Illuminate/Http/FrameGuard.php(38): Illuminate\Foundation\Application->handle(Object(Illuminate\Http\Request), 1, true)
#15 /home/chemixz/html/laravel/sf/vendor/laravel/framework/src/Illuminate/Session/Middleware.php(72): Illuminate\Http\FrameGuard->handle(Object(Illuminate\Http\Request), 1, true)
#16 /home/chemixz/html/laravel/sf/vendor/laravel/framework/src/Illuminate/Cookie/Queue.php(47): Illuminate\Session\Middleware->handle(Object(Illuminate\Http\Request), 1, true)
#17 /home/chemixz/html/laravel/sf/vendor/laravel/framework/src/Illuminate/Cookie/Guard.php(51): Illuminate\Cookie\Queue->handle(Object(Illuminate\Http\Request), 1, true)
#18 /home/chemixz/html/laravel/sf/vendor/stack/builder/src/Stack/StackedHttpKernel.php(23): Illuminate\Cookie\Guard->handle(Object(Illuminate\Http\Request), 1, true)
#19 /home/chemixz/html/laravel/sf/vendor/laravel/framework/src/Illuminate/Foundation/Application.php(606): Stack\StackedHttpKernel->handle(Object(Illuminate\Http\Request))
#20 /home/chemixz/html/laravel/sf/public/index.php(49): Illuminate\Foundation\Application->run()
#21 {main} [] []
[2016-08-05 00:10:30] production.ERROR: exception 'ErrorException' with message 'file_put_contents(/home/chemixz/html/laravel/sf/app/storage/sessions/3499a221a24285aacc6d157bb39afb20280ba67e): failed to open stream: Permission denied' in /home/chemixz/html/laravel/sf/vendor/laravel/framework/src/Illuminate/Filesystem/Filesystem.php:71
Stack trace:
#0 [internal function]: Illuminate\Exception\Handler->handleError(2, 'file_put_conten...', '/home/chemixz/h...', 71, Array)
#1 /home/chemixz/html/laravel/sf/vendor/laravel/framework/src/Illuminate/Filesystem/Filesystem.php(71): file_put_contents('/home/chemixz/h...', 'a:3:{s:6:"_toke...')
#2 /home/chemixz/html/laravel/sf/vendor/laravel/framework/src/Illuminate/Session/FileSessionHandler.php(71): Illuminate\Filesystem\Filesystem->put('/home/chemixz/h...', 'a:3:{s:6:"_toke...')
#3 /home/chemixz/html/laravel/sf/vendor/laravel/framework/src/Illuminate/Session/Store.php(220): Illuminate\Session\FileSessionHandler->write('3499a221a24285a...', 'a:3:{s:6:"_toke...')
#4 /home/chemixz/html/laravel/sf/vendor/laravel/framework/src/Illuminate/Session/Middleware.php(126): Illuminate\Session\Store->save()
#5 /home/chemixz/html/laravel/sf/vendor/laravel/framework/src/Illuminate/Session/Middleware.php(79): Illuminate\Session\Middleware->closeSession(Object(Illuminate\Session\Store))
#6 /home/chemixz/html/laravel/sf/vendor/laravel/framework/src/Illuminate/Cookie/Queue.php(47): Illuminate\Session\Middleware->handle(Object(Illuminate\Http\Request), 1, true)
#7 /home/chemixz/html/laravel/sf/vendor/laravel/framework/src/Illuminate/Cookie/Guard.php(51): Illuminate\Cookie\Queue->handle(Object(Illuminate\Http\Request), 1, true)
#8 /home/chemixz/html/laravel/sf/vendor/stack/builder/src/Stack/StackedHttpKernel.php(23): Illuminate\Cookie\Guard->handle(Object(Illuminate\Http\Request), 1, true)
#9 /home/chemixz/html/laravel/sf/vendor/laravel/framework/src/Illuminate/Foundation/Application.php(606): Stack\StackedHttpKernel->handle(Object(Illuminate\Http\Request))
#10 /home/chemixz/html/laravel/sf/public/index.php(49): Illuminate\Foundation\Application->run()
#11 {main} [] []
[2016-08-30 21:17:02] production.ERROR: exception 'ErrorException' with message 'file_put_contents(/home/chemixz/html/laravel/sf/app/storage/views/609dc2e08555104ba69deaeaafa32b88): failed to open stream: Permission denied' in /home/chemixz/html/laravel/sf/vendor/laravel/framework/src/Illuminate/Filesystem/Filesystem.php:71
Stack trace:
#0 [internal function]: Illuminate\Exception\Handler->handleError(2, 'file_put_conten...', '/home/chemixz/h...', 71, Array)
#1 /home/chemixz/html/laravel/sf/vendor/laravel/framework/src/Illuminate/Filesystem/Filesystem.php(71): file_put_contents('/home/chemixz/h...', '????<?php $__en...')
#2 /home/chemixz/html/laravel/sf/vendor/laravel/framework/src/Illuminate/View/Compilers/BladeCompiler.php(78): Illuminate\Filesystem\Filesystem->put('/home/chemixz/h...', '????<?php $__en...')
#3 /home/chemixz/html/laravel/sf/vendor/laravel/framework/src/Illuminate/View/Engines/CompilerEngine.php(48): Illuminate\View\Compilers\BladeCompiler->compile('/home/chemixz/h...')
#4 /home/chemixz/html/laravel/sf/vendor/laravel/framework/src/Illuminate/View/View.php(134): Illuminate\View\Engines\CompilerEngine->get('/home/chemixz/h...', Array)
#5 /home/chemixz/html/laravel/sf/vendor/laravel/framework/src/Illuminate/View/View.php(102): Illuminate\View\View->getContents()
#6 /home/chemixz/html/laravel/sf/vendor/laravel/framework/src/Illuminate/View/View.php(76): Illuminate\View\View->renderContents()
#7 /home/chemixz/html/laravel/sf/vendor/laravel/framework/src/Illuminate/Http/Response.php(70): Illuminate\View\View->render()
#8 /home/chemixz/html/laravel/sf/vendor/symfony/http-foundation/Symfony/Component/HttpFoundation/Response.php(202): Illuminate\Http\Response->setContent(Object(Illuminate\View\View))
#9 /home/chemixz/html/laravel/sf/vendor/laravel/framework/src/Illuminate/Routing/Router.php(1427): Symfony\Component\HttpFoundation\Response->__construct(Object(Illuminate\View\View))
#10 /home/chemixz/html/laravel/sf/vendor/laravel/framework/src/Illuminate/Routing/Router.php(1003): Illuminate\Routing\Router->prepareResponse(Object(Illuminate\Http\Request), Object(Illuminate\View\View))
#11 /home/chemixz/html/laravel/sf/vendor/laravel/framework/src/Illuminate/Routing/Router.php(968): Illuminate\Routing\Router->dispatchToRoute(Object(Illuminate\Http\Request))
#12 /home/chemixz/html/laravel/sf/vendor/laravel/framework/src/Illuminate/Foundation/Application.php(738): Illuminate\Routing\Router->dispatch(Object(Illuminate\Http\Request))
#13 /home/chemixz/html/laravel/sf/vendor/laravel/framework/src/Illuminate/Foundation/Application.php(708): Illuminate\Foundation\Application->dispatch(Object(Illuminate\Http\Request))
#14 /home/chemixz/html/laravel/sf/vendor/laravel/framework/src/Illuminate/Http/FrameGuard.php(38): Illuminate\Foundation\Application->handle(Object(Illuminate\Http\Request), 1, true)
#15 /home/chemixz/html/laravel/sf/vendor/laravel/framework/src/Illuminate/Session/Middleware.php(72): Illuminate\Http\FrameGuard->handle(Object(Illuminate\Http\Request), 1, true)
#16 /home/chemixz/html/laravel/sf/vendor/laravel/framework/src/Illuminate/Cookie/Queue.php(47): Illuminate\Session\Middleware->handle(Object(Illuminate\Http\Request), 1, true)
#17 /home/chemixz/html/laravel/sf/vendor/laravel/framework/src/Illuminate/Cookie/Guard.php(51): Illuminate\Cookie\Queue->handle(Object(Illuminate\Http\Request), 1, true)
#18 /home/chemixz/html/laravel/sf/vendor/stack/builder/src/Stack/StackedHttpKernel.php(23): Illuminate\Cookie\Guard->handle(Object(Illuminate\Http\Request), 1, true)
#19 /home/chemixz/html/laravel/sf/vendor/laravel/framework/src/Illuminate/Foundation/Application.php(606): Stack\StackedHttpKernel->handle(Object(Illuminate\Http\Request))
#20 /home/chemixz/html/laravel/sf/public/index.php(49): Illuminate\Foundation\Application->run()
#21 {main} [] []
[2016-08-30 21:17:02] production.ERROR: exception 'ErrorException' with message 'file_put_contents(/home/chemixz/html/laravel/sf/app/storage/sessions/25f35bde5616f6950d1a4d06da4088b90caf3ea1): failed to open stream: Permission denied' in /home/chemixz/html/laravel/sf/vendor/laravel/framework/src/Illuminate/Filesystem/Filesystem.php:71
Stack trace:
#0 [internal function]: Illuminate\Exception\Handler->handleError(2, 'file_put_conten...', '/home/chemixz/h...', 71, Array)
#1 /home/chemixz/html/laravel/sf/vendor/laravel/framework/src/Illuminate/Filesystem/Filesystem.php(71): file_put_contents('/home/chemixz/h...', 'a:3:{s:6:"_toke...')
#2 /home/chemixz/html/laravel/sf/vendor/laravel/framework/src/Illuminate/Session/FileSessionHandler.php(71): Illuminate\Filesystem\Filesystem->put('/home/chemixz/h...', 'a:3:{s:6:"_toke...')
#3 /home/chemixz/html/laravel/sf/vendor/laravel/framework/src/Illuminate/Session/Store.php(220): Illuminate\Session\FileSessionHandler->write('25f35bde5616f69...', 'a:3:{s:6:"_toke...')
#4 /home/chemixz/html/laravel/sf/vendor/laravel/framework/src/Illuminate/Session/Middleware.php(126): Illuminate\Session\Store->save()
#5 /home/chemixz/html/laravel/sf/vendor/laravel/framework/src/Illuminate/Session/Middleware.php(79): Illuminate\Session\Middleware->closeSession(Object(Illuminate\Session\Store))
#6 /home/chemixz/html/laravel/sf/vendor/laravel/framework/src/Illuminate/Cookie/Queue.php(47): Illuminate\Session\Middleware->handle(Object(Illuminate\Http\Request), 1, true)
#7 /home/chemixz/html/laravel/sf/vendor/laravel/framework/src/Illuminate/Cookie/Guard.php(51): Illuminate\Cookie\Queue->handle(Object(Illuminate\Http\Request), 1, true)
#8 /home/chemixz/html/laravel/sf/vendor/stack/builder/src/Stack/StackedHttpKernel.php(23): Illuminate\Cookie\Guard->handle(Object(Illuminate\Http\Request), 1, true)
#9 /home/chemixz/html/laravel/sf/vendor/laravel/framework/src/Illuminate/Foundation/Application.php(606): Stack\StackedHttpKernel->handle(Object(Illuminate\Http\Request))
#10 /home/chemixz/html/laravel/sf/public/index.php(49): Illuminate\Foundation\Application->run()
#11 {main} [] []
